<?xml version="1.0" encoding="UTF-8"?>
<!-- Generated by org.testng.reporters.JUnitReportReporter -->
<testsuite skipped="0" hostname="5CG5120QW5" name="jenkin_Test.MavenJenkinTest" tests="1" failures="0" timestamp="21 May 2018 04:30:25 GMT" time="0.016" errors="0">
  <testcase name="testA" time="0.016" classname="jenkin_Test.MavenJenkinTest"/>
</testsuite> <!-- jenkin_Test.MavenJenkinTest -->
