<?xml version="1.0" encoding="UTF-8"?>
<!-- Generated by org.testng.reporters.JUnitReportReporter -->
<testsuite skipped="0" hostname="5CG5120QW5" name="jenkin_Test.HelloWorld" tests="1" failures="0" timestamp="21 May 2018 04:30:20 GMT" time="0.000" errors="0">
  <testcase name="test" time="0.000" classname="jenkin_Test.HelloWorld"/>
</testsuite> <!-- jenkin_Test.HelloWorld -->
